# JRE version: Java(TM) SE Runtime Environment (8.0_51-b16) (build 1.8.0_51-b16)
# Java VM: Java HotSpot(TM) 64-Bit Server VM (25.51-b03 mixed mode bsd-amd64 compressed oops)
Heap:
 PSYoungGen      total 48640K, used 9097K [0x0000000795580000, 0x0000000799700000, 0x00000007c0000000)
  eden space 31232K, 27% used [0x0000000795580000,0x0000000795dea770,0x0000000797400000)
  from space 17408K, 2% used [0x0000000798600000,0x0000000798678000,0x0000000799700000)
  to   space 17920K, 0% used [0x0000000797400000,0x0000000797400000,0x0000000798580000)
 ParOldGen       total 87552K, used 26383K [0x0000000740000000, 0x0000000745580000, 0x0000000795580000)
  object space 87552K, 30% used [0x0000000740000000,0x00000007419c3e10,0x0000000745580000)
 Metaspace       used 19048K, capacity 19910K, committed 20096K, reserved 1067008K
  class space    used 2582K, capacity 2836K, committed 2944K, reserved 1048576K
GC Heap History (10 events):
Event: 8.325 GC heap before
{Heap before GC invocations=4 (full 0):
 PSYoungGen      total 38400K, used 38375K [0x0000000795580000, 0x0000000798000000, 0x00000007c0000000)
  eden space 33280K, 100% used [0x0000000795580000,0x0000000797600000,0x0000000797600000)
  from space 5120K, 99% used [0x0000000797600000,0x0000000797af9dd0,0x0000000797b00000)
  to   space 5120K, 0% used [0x0000000797b00000,0x0000000797b00000,0x0000000798000000)
 ParOldGen       total 87552K, used 20315K [0x0000000740000000, 0x0000000745580000, 0x0000000795580000)
  object space 87552K, 23% used [0x0000000740000000,0x00000007413d6c68,0x0000000745580000)
 Metaspace       used 17461K, capacity 18136K, committed 18432K, reserved 1064960K
  class space    used 2286K, capacity 2507K, committed 2560K, reserved 1048576K
Event: 8.342 GC heap after
Heap after GC invocations=4 (full 0):
 PSYoungGen      total 38400K, used 5092K [0x0000000795580000, 0x0000000798000000, 0x00000007c0000000)
  eden space 33280K, 0% used [0x0000000795580000,0x0000000795580000,0x0000000797600000)
  from space 5120K, 99% used [0x0000000797b00000,0x0000000797ff9340,0x0000000798000000)
  to   space 5120K, 0% used [0x0000000797600000,0x0000000797600000,0x0000000797b00000)
 ParOldGen       total 87552K, used 21279K [0x0000000740000000, 0x0000000745580000, 0x0000000795580000)
  object space 87552K, 24% used [0x0000000740000000,0x00000007414c7c08,0x0000000745580000)
 Metaspace       used 17461K, capacity 18136K, committed 18432K, reserved 1064960K
  class space    used 2286K, capacity 2507K, committed 2560K, reserved 1048576K
}
Event: 11.093 GC heap before
{Heap before GC invocations=5 (full 0):
 PSYoungGen      total 38400K, used 38372K [0x0000000795580000, 0x0000000798000000, 0x00000007c0000000)
  eden space 33280K, 100% used [0x0000000795580000,0x0000000797600000,0x0000000797600000)
  from space 5120K, 99% used [0x0000000797b00000,0x0000000797ff9340,0x0000000798000000)
  to   space 5120K, 0% used [0x0000000797600000,0x0000000797600000,0x0000000797b00000)
 ParOldGen       total 87552K, used 21279K [0x0000000740000000, 0x0000000745580000, 0x0000000795580000)
  object space 87552K, 24% used [0x0000000740000000,0x00000007414c7c08,0x0000000745580000)
 Metaspace       used 17556K, capacity 18272K, committed 18432K, reserved 1064960K
  class space    used 2286K, capacity 2507K, committed 2560K, reserved 1048576K
Event: 11.104 GC heap after
Heap after GC invocations=5 (full 0):
 PSYoungGen      total 37888K, used 5108K [0x0000000795580000, 0x0000000799a80000, 0x00000007c0000000)
  eden space 32768K, 0% used [0x0000000795580000,0x0000000795580000,0x0000000797580000)
  from space 5120K, 99% used [0x0000000797600000,0x0000000797afd330,0x0000000797b00000)
  to   space 18944K, 0% used [0x0000000798800000,0x0000000798800000,0x0000000799a80000)
 ParOldGen       total 87552K, used 21295K [0x0000000740000000, 0x0000000745580000, 0x0000000795580000)
  object space 87552K, 24% used [0x0000000740000000,0x00000007414cbc08,0x0000000745580000)
 Metaspace       used 17556K, capacity 18272K, committed 18432K, reserved 1064960K
  class space    used 2286K, capacity 2507K, committed 2560K, reserved 1048576K
}
Event: 24.980 GC heap before
{Heap before GC invocations=6 (full 0):
 PSYoungGen      total 37888K, used 37876K [0x0000000795580000, 0x0000000799a80000, 0x00000007c0000000)
  eden space 32768K, 100% used [0x0000000795580000,0x0000000797580000,0x0000000797580000)
  from space 5120K, 99% used [0x0000000797600000,0x0000000797afd330,0x0000000797b00000)
  to   space 18944K, 0% used [0x0000000798800000,0x0000000798800000,0x0000000799a80000)
 ParOldGen       total 87552K, used 21295K [0x0000000740000000, 0x0000000745580000, 0x0000000795580000)
  object space 87552K, 24% used [0x0000000740000000,0x00000007414cbc08,0x0000000745580000)
 Metaspace       used 18885K, capacity 19680K, committed 19712K, reserved 1067008K
  class space    used 2579K, capacity 2803K, committed 2816K, reserved 1048576K
Event: 24.993 GC heap after
Heap after GC invocations=6 (full 0):
 PSYoungGen      total 48640K, used 5428K [0x0000000795580000, 0x0000000799800000, 0x00000007c0000000)
  eden space 32256K, 0% used [0x0000000795580000,0x0000000795580000,0x0000000797500000)
  from space 16384K, 33% used [0x0000000798800000,0x0000000798d4d330,0x0000000799800000)
  to   space 17920K, 0% used [0x0000000797500000,0x0000000797500000,0x0000000798680000)
 ParOldGen       total 87552K, used 21303K [0x0000000740000000, 0x0000000745580000, 0x0000000795580000)
  object space 87552K, 24% used [0x0000000740000000,0x00000007414cdc08,0x0000000745580000)
 Metaspace       used 18885K, capacity 19680K, committed 19712K, reserved 1067008K
  class space    used 2579K, capacity 2803K, committed 2816K, reserved 1048576K
}
Event: 30.821 GC heap before
{Heap before GC invocations=7 (full 0):
 PSYoungGen      total 48640K, used 37684K [0x0000000795580000, 0x0000000799800000, 0x00000007c0000000)
  eden space 32256K, 100% used [0x0000000795580000,0x0000000797500000,0x0000000797500000)
  from space 16384K, 33% used [0x0000000798800000,0x0000000798d4d330,0x0000000799800000)
  to   space 17920K, 0% used [0x0000000797500000,0x0000000797500000,0x0000000798680000)
 ParOldGen       total 87552K, used 21303K [0x0000000740000000, 0x0000000745580000, 0x0000000795580000)
  object space 87552K, 24% used [0x0000000740000000,0x00000007414cdc08,0x0000000745580000)
 Metaspace       used 18972K, capacity 19844K, committed 20096K, reserved 1067008K
  class space    used 2581K, capacity 2835K, committed 2944K, reserved 1048576K
Event: 30.834 GC heap after
Heap after GC invocations=7 (full 0):
 PSYoungGen      total 34816K, used 3008K [0x0000000795580000, 0x0000000799780000, 0x00000007c0000000)
  eden space 31744K, 0% used [0x0000000795580000,0x0000000795580000,0x0000000797480000)
  from space 3072K, 97% used [0x0000000797500000,0x00000007977f0000,0x0000000797800000)
  to   space 17920K, 0% used [0x0000000798600000,0x0000000798600000,0x0000000799780000)
 ParOldGen       total 87552K, used 23731K [0x0000000740000000, 0x0000000745580000, 0x0000000795580000)
  object space 87552K, 27% used [0x0000000740000000,0x000000074172cd60,0x0000000745580000)
 Metaspace       used 18972K, capacity 19844K, committed 20096K, reserved 1067008K
  class space    used 2581K, capacity 2835K, committed 2944K, reserved 1048576K
}
Event: 34.354 GC heap before
{Heap before GC invocations=8 (full 0):
 PSYoungGen      total 34816K, used 34752K [0x0000000795580000, 0x0000000799780000, 0x00000007c0000000)
  eden space 31744K, 100% used [0x0000000795580000,0x0000000797480000,0x0000000797480000)
  from space 3072K, 97% used [0x0000000797500000,0x00000007977f0000,0x0000000797800000)
  to   space 17920K, 0% used [0x0000000798600000,0x0000000798600000,0x0000000799780000)
 ParOldGen       total 87552K, used 23731K [0x0000000740000000, 0x0000000745580000, 0x0000000795580000)
  object space 87552K, 27% used [0x0000000740000000,0x000000074172cd60,0x0000000745580000)
 Metaspace       used 18994K, capacity 19844K, committed 20096K, reserved 1067008K
  class space    used 2581K, capacity 2835K, committed 2944K, reserved 1048576K
Event: 34.363 GC heap after
Heap after GC invocations=8 (full 0):
 PSYoungGen      total 48640K, used 480K [0x0000000795580000, 0x0000000799700000, 0x00000007c0000000)
  eden space 31232K, 0% used [0x0000000795580000,0x0000000795580000,0x0000000797400000)
  from space 17408K, 2% used [0x0000000798600000,0x0000000798678000,0x0000000799700000)
  to   space 17920K, 0% used [0x0000000797400000,0x0000000797400000,0x0000000798580000)
 ParOldGen       total 87552K, used 26383K [0x0000000740000000, 0x0000000745580000, 0x0000000795580000)
  object space 87552K, 30% used [0x0000000740000000,0x00000007419c3e10,0x0000000745580000)
 Metaspace       used 18994K, capacity 19844K, committed 20096K, reserved 1067008K
  class space    used 2581K, capacity 2835K, committed 2944K, reserved 1048576K
}

